<?xml version="1.0" encoding="UTF-8"?>
<!-- Generated by org.testng.reporters.JUnitXMLReporter -->
<testsuite hostname="orzech-desktop" name="Surefire test" tests="60" failures="0" timestamp="6 Oct 2017 14:57:43 GMT" time="2.284" errors="0">
  <testcase name="createMealNutrition" time="0.071" classname="ozog.dao.MealNutritionDaoTest"/>
  <testcase name="deleteMealNutrition" time="0.035" classname="ozog.dao.MealNutritionDaoTest"/>
  <testcase name="getMealNutritionById" time="0.102" classname="ozog.dao.MealNutritionDaoTest"/>
  <testcase name="getMealNutritions" time="0.002" classname="ozog.dao.MealNutritionDaoTest"/>
  <testcase name="deleteUser" time="0.006" classname="ozog.controller.UserControllerTest"/>
  <testcase name="listUsers" time="0.032" classname="ozog.controller.UserControllerTest"/>
  <testcase name="newUser" time="0.002" classname="ozog.controller.UserControllerTest"/>
  <testcase name="saveUserError" time="0.001" classname="ozog.controller.UserControllerTest"/>
  <testcase name="saveUserOk" time="0.0" classname="ozog.controller.UserControllerTest"/>
  <testcase name="updateUser" time="0.001" classname="ozog.controller.UserControllerTest"/>
  <testcase name="updateUserError" time="0.0" classname="ozog.controller.UserControllerTest"/>
  <testcase name="updateUserOk" time="0.0" classname="ozog.controller.UserControllerTest"/>
  <testcase name="createMeal" time="0.0" classname="ozog.controller.MealControllerTest"/>
  <testcase name="createMealError" time="0.0" classname="ozog.controller.MealControllerTest"/>
  <testcase name="createMealOk" time="0.0" classname="ozog.controller.MealControllerTest"/>
  <testcase name="deleteMeal" time="0.0" classname="ozog.controller.MealControllerTest"/>
  <testcase name="getMealForUser" time="0.0" classname="ozog.controller.MealControllerTest"/>
  <testcase name="updateMeal" time="0.002" classname="ozog.controller.MealControllerTest"/>
  <testcase name="updateMealError" time="0.0" classname="ozog.controller.MealControllerTest"/>
  <testcase name="updateMealOk" time="0.001" classname="ozog.controller.MealControllerTest"/>
  <testcase name="createUser" time="0.011" classname="ozog.dao.UserDaoTest"/>
  <testcase name="deleteUser" time="0.006" classname="ozog.dao.UserDaoTest"/>
  <testcase name="getAllUsers" time="0.005" classname="ozog.dao.UserDaoTest"/>
  <testcase name="getUserById" time="0.004" classname="ozog.dao.UserDaoTest"/>
  <testcase name="updateUser" time="0.004" classname="ozog.dao.UserDaoTest"/>
  <testcase name="createNutrition" time="0.001" classname="ozog.controller.NutritionControllerTest"/>
  <testcase name="createNutritionError" time="0.001" classname="ozog.controller.NutritionControllerTest"/>
  <testcase name="createNutritionOk" time="0.001" classname="ozog.controller.NutritionControllerTest"/>
  <testcase name="deleteNutrition" time="0.0" classname="ozog.controller.NutritionControllerTest"/>
  <testcase name="getAllNutritions" time="0.0" classname="ozog.controller.NutritionControllerTest"/>
  <testcase name="updateNutrition" time="0.001" classname="ozog.controller.NutritionControllerTest"/>
  <testcase name="updateNutritionError" time="0.001" classname="ozog.controller.NutritionControllerTest"/>
  <testcase name="updateNutritionOk" time="0.003" classname="ozog.controller.NutritionControllerTest"/>
  <testcase name="createNutrition" time="0.009" classname="ozog.dao.NutritionDaoTest"/>
  <testcase name="deleteNutrition" time="0.006" classname="ozog.dao.NutritionDaoTest"/>
  <testcase name="getAllNutritions" time="0.001" classname="ozog.dao.NutritionDaoTest"/>
  <testcase name="getNutritionById" time="0.003" classname="ozog.dao.NutritionDaoTest"/>
  <testcase name="updateNutrition" time="0.001" classname="ozog.dao.NutritionDaoTest"/>
  <testcase name="createMeal" time="0.001" classname="ozog.service.MealServiceTest"/>
  <testcase name="deleteMeal" time="0.0" classname="ozog.service.MealServiceTest"/>
  <testcase name="getAllMeals" time="0.001" classname="ozog.service.MealServiceTest"/>
  <testcase name="getMealById" time="0.0" classname="ozog.service.MealServiceTest"/>
  <testcase name="getMealsForUser" time="0.0" classname="ozog.service.MealServiceTest"/>
  <testcase name="updateMeal" time="0.0" classname="ozog.service.MealServiceTest"/>
  <testcase name="calculateCalories" time="0.0" classname="ozog.service.NutritionServiceTest"/>
  <testcase name="createNutrition" time="0.0" classname="ozog.service.NutritionServiceTest"/>
  <testcase name="deleteNutrition" time="0.0" classname="ozog.service.NutritionServiceTest"/>
  <testcase name="getAllNutritions" time="0.0" classname="ozog.service.NutritionServiceTest"/>
  <testcase name="getNutritionById" time="0.0" classname="ozog.service.NutritionServiceTest"/>
  <testcase name="updateNutrition" time="0.0" classname="ozog.service.NutritionServiceTest"/>
  <testcase name="createUser" time="0.0" classname="ozog.service.UserServiceTest"/>
  <testcase name="deleteUser" time="0.0" classname="ozog.service.UserServiceTest"/>
  <testcase name="getAllUsers" time="0.001" classname="ozog.service.UserServiceTest"/>
  <testcase name="getUserById" time="0.0" classname="ozog.service.UserServiceTest"/>
  <testcase name="updateUser" time="0.0" classname="ozog.service.UserServiceTest"/>
  <testcase name="calculateValues" time="0.0" classname="ozog.service.MealNutritionServiceTest"/>
  <testcase name="createMealNutrition" time="0.0" classname="ozog.service.MealNutritionServiceTest"/>
  <testcase name="deleteMealNutrition" time="0.0" classname="ozog.service.MealNutritionServiceTest"/>
  <testcase name="getMealNutritions" time="0.021" classname="ozog.service.MealNutritionServiceTest"/>
  <testcase name="updateMealNutritions" time="0.0" classname="ozog.service.MealNutritionServiceTest"/>
</testsuite> <!-- Surefire test -->
