<?xml version="1.0" encoding="UTF-8"?>
<testsuite name="TestSuite" time="0.342" tests="60" errors="0" skipped="0" failures="0">
  <properties>
[...]
</properties>
  <testcase name="createMealNutrition" classname="ozog.dao.MealNutritionDaoTest" time="0.072"/>
  <testcase name="deleteMealNutrition" classname="ozog.dao.MealNutritionDaoTest" time="0.035"/>
  <testcase name="getMealNutritionById" classname="ozog.dao.MealNutritionDaoTest" time="0.102"/>
  <testcase name="getMealNutritions" classname="ozog.dao.MealNutritionDaoTest" time="0.002"/>
  <testcase name="deleteUser" classname="ozog.controller.UserControllerTest" time="0.006"/>
  <testcase name="listUsers" classname="ozog.controller.UserControllerTest" time="0.033"/>
  <testcase name="newUser" classname="ozog.controller.UserControllerTest" time="0.001"/>
  <testcase name="saveUserError" classname="ozog.controller.UserControllerTest" time="0.002"/>
  <testcase name="saveUserOk" classname="ozog.controller.UserControllerTest" time="0"/>
  <testcase name="updateUser" classname="ozog.controller.UserControllerTest" time="0.001"/>
  <testcase name="updateUserError" classname="ozog.controller.UserControllerTest" time="0"/>
  <testcase name="updateUserOk" classname="ozog.controller.UserControllerTest" time="0"/>
  <testcase name="createMeal" classname="ozog.controller.MealControllerTest" time="0.001"/>
  <testcase name="createMealError" classname="ozog.controller.MealControllerTest" time="0.001"/>
  <testcase name="createMealOk" classname="ozog.controller.MealControllerTest" time="0"/>
  <testcase name="deleteMeal" classname="ozog.controller.MealControllerTest" time="0"/>
  <testcase name="getMealForUser" classname="ozog.controller.MealControllerTest" time="0"/>
  <testcase name="updateMeal" classname="ozog.controller.MealControllerTest" time="0.002"/>
  <testcase name="updateMealError" classname="ozog.controller.MealControllerTest" time="0"/>
  <testcase name="updateMealOk" classname="ozog.controller.MealControllerTest" time="0.001"/>
  <testcase name="createUser" classname="ozog.dao.UserDaoTest" time="0.011"/>
  <testcase name="deleteUser" classname="ozog.dao.UserDaoTest" time="0.006"/>
  <testcase name="getAllUsers" classname="ozog.dao.UserDaoTest" time="0.004"/>
  <testcase name="getUserById" classname="ozog.dao.UserDaoTest" time="0.001"/>
  <testcase name="updateUser" classname="ozog.dao.UserDaoTest" time="0.005"/>
  <testcase name="createNutrition" classname="ozog.controller.NutritionControllerTest" time="0.001"/>
  <testcase name="createNutritionError" classname="ozog.controller.NutritionControllerTest" time="0.001"/>
  <testcase name="createNutritionOk" classname="ozog.controller.NutritionControllerTest" time="0"/>
  <testcase name="deleteNutrition" classname="ozog.controller.NutritionControllerTest" time="0.001"/>
  <testcase name="getAllNutritions" classname="ozog.controller.NutritionControllerTest" time="0"/>
  <testcase name="updateNutrition" classname="ozog.controller.NutritionControllerTest" time="0.001"/>
  <testcase name="updateNutritionError" classname="ozog.controller.NutritionControllerTest" time="0.001"/>
  <testcase name="updateNutritionOk" classname="ozog.controller.NutritionControllerTest" time="0.003"/>
  <testcase name="createNutrition" classname="ozog.dao.NutritionDaoTest" time="0.009"/>
  <testcase name="deleteNutrition" classname="ozog.dao.NutritionDaoTest" time="0.006"/>
  <testcase name="getAllNutritions" classname="ozog.dao.NutritionDaoTest" time="0.002"/>
  <testcase name="getNutritionById" classname="ozog.dao.NutritionDaoTest" time="0.003"/>
  <testcase name="updateNutrition" classname="ozog.dao.NutritionDaoTest" time="0.001"/>
  <testcase name="createMeal" classname="ozog.service.MealServiceTest" time="0.001"/>
  <testcase name="deleteMeal" classname="ozog.service.MealServiceTest" time="0.002"/>
  <testcase name="getAllMeals" classname="ozog.service.MealServiceTest" time="0"/>
  <testcase name="getMealById" classname="ozog.service.MealServiceTest" time="0.001"/>
  <testcase name="getMealsForUser" classname="ozog.service.MealServiceTest" time="0"/>
  <testcase name="updateMeal" classname="ozog.service.MealServiceTest" time="0"/>
  <testcase name="calculateCalories" classname="ozog.service.NutritionServiceTest" time="0"/>
  <testcase name="createNutrition" classname="ozog.service.NutritionServiceTest" time="0"/>
  <testcase name="deleteNutrition" classname="ozog.service.NutritionServiceTest" time="0"/>
  <testcase name="getAllNutritions" classname="ozog.service.NutritionServiceTest" time="0"/>
  <testcase name="getNutritionById" classname="ozog.service.NutritionServiceTest" time="0"/>
  <testcase name="updateNutrition" classname="ozog.service.NutritionServiceTest" time="0"/>
  <testcase name="createUser" classname="ozog.service.UserServiceTest" time="0.001"/>
  <testcase name="deleteUser" classname="ozog.service.UserServiceTest" time="0"/>
  <testcase name="getAllUsers" classname="ozog.service.UserServiceTest" time="0.001"/>
  <testcase name="getUserById" classname="ozog.service.UserServiceTest" time="0"/>
  <testcase name="updateUser" classname="ozog.service.UserServiceTest" time="0"/>
  <testcase name="calculateValues" classname="ozog.service.MealNutritionServiceTest" time="0"/>
  <testcase name="createMealNutrition" classname="ozog.service.MealNutritionServiceTest" time="0"/>
  <testcase name="deleteMealNutrition" classname="ozog.service.MealNutritionServiceTest" time="0"/>
  <testcase name="getMealNutritions" classname="ozog.service.MealNutritionServiceTest" time="0.021"/>
  <testcase name="updateMealNutritions" classname="ozog.service.MealNutritionServiceTest" time="0"/>
</testsuite>